# JRE version: Java(TM) SE Runtime Environment (8.0_121-b13) (build 1.8.0_121-b13)
# Java VM: Java HotSpot(TM) 64-Bit Server VM (25.121-b13 mixed mode linux-amd64 compressed oops)
Heap:
 PSYoungGen      total 68608K, used 5117K [0x00000000d7400000, 0x00000000dbc00000, 0x0000000100000000)
  eden space 63488K, 0% used [0x00000000d7400000,0x00000000d7400000,0x00000000db200000)
  from space 5120K, 99% used [0x00000000db200000,0x00000000db6ff630,0x00000000db700000)
  to   space 5120K, 0% used [0x00000000db700000,0x00000000db700000,0x00000000dbc00000)
 ParOldGen       total 84992K, used 21037K [0x0000000085c00000, 0x000000008af00000, 0x00000000d7400000)
  object space 84992K, 24% used [0x0000000085c00000,0x000000008708b620,0x000000008af00000)
 Metaspace       used 15217K, capacity 15502K, committed 15872K, reserved 1062912K
  class space    used 1852K, capacity 1939K, committed 2048K, reserved 1048576K
GC Heap History (5 events):
Event: 121,142 GC heap before
{Heap before GC invocations=1 (full 0):
 PSYoungGen      total 36864K, used 30700K [0x00000000d7400000, 0x00000000d9d00000, 0x0000000100000000)
  eden space 31744K, 96% used [0x00000000d7400000,0x00000000d91fb310,0x00000000d9300000)
  from space 5120K, 0% used [0x00000000d9800000,0x00000000d9800000,0x00000000d9d00000)
  to   space 5120K, 0% used [0x00000000d9300000,0x00000000d9300000,0x00000000d9800000)
 ParOldGen       total 84992K, used 0K [0x0000000085c00000, 0x000000008af00000, 0x00000000d7400000)
  object space 84992K, 0% used [0x0000000085c00000,0x0000000085c00000,0x000000008af00000)
 Metaspace       used 14689K, capacity 14920K, committed 15232K, reserved 1062912K
  class space    used 1815K, capacity 1874K, committed 1920K, reserved 1048576K
Event: 125,634 GC heap after
Heap after GC invocations=1 (full 0):
 PSYoungGen      total 36864K, used 4742K [0x00000000d7400000, 0x00000000dbc00000, 0x0000000100000000)
  eden space 31744K, 0% used [0x00000000d7400000,0x00000000d7400000,0x00000000d9300000)
  from space 5120K, 92% used [0x00000000d9300000,0x00000000d97a1930,0x00000000d9800000)
  to   space 5120K, 0% used [0x00000000db700000,0x00000000db700000,0x00000000dbc00000)
 ParOldGen       total 84992K, used 8K [0x0000000085c00000, 0x000000008af00000, 0x00000000d7400000)
  object space 84992K, 0% used [0x0000000085c00000,0x0000000085c02000,0x000000008af00000)
 Metaspace       used 14689K, capacity 14920K, committed 15232K, reserved 1062912K
  class space    used 1815K, capacity 1874K, committed 1920K, reserved 1048576K
}
Event: 130,903 GC heap before
{Heap before GC invocations=2 (full 0):
 PSYoungGen      total 36864K, used 36486K [0x00000000d7400000, 0x00000000dbc00000, 0x0000000100000000)
  eden space 31744K, 100% used [0x00000000d7400000,0x00000000d9300000,0x00000000d9300000)
  from space 5120K, 92% used [0x00000000d9300000,0x00000000d97a1930,0x00000000d9800000)
  to   space 5120K, 0% used [0x00000000db700000,0x00000000db700000,0x00000000dbc00000)
 ParOldGen       total 84992K, used 8K [0x0000000085c00000, 0x000000008af00000, 0x00000000d7400000)
  object space 84992K, 0% used [0x0000000085c00000,0x0000000085c02000,0x000000008af00000)
 Metaspace       used 14915K, capacity 15144K, committed 15488K, reserved 1062912K
  class space    used 1842K, capacity 1906K, committed 1920K, reserved 1048576K
Event: 131,147 GC heap after
Heap after GC invocations=2 (full 0):
 PSYoungGen      total 68608K, used 5099K [0x00000000d7400000, 0x00000000dbc00000, 0x0000000100000000)
  eden space 63488K, 0% used [0x00000000d7400000,0x00000000d7400000,0x00000000db200000)
  from space 5120K, 99% used [0x00000000db700000,0x00000000dbbfae10,0x00000000dbc00000)
  to   space 5120K, 0% used [0x00000000db200000,0x00000000db200000,0x00000000db700000)
 ParOldGen       total 84992K, used 12860K [0x0000000085c00000, 0x000000008af00000, 0x00000000d7400000)
  object space 84992K, 15% used [0x0000000085c00000,0x000000008688f1f0,0x000000008af00000)
 Metaspace       used 14915K, capacity 15144K, committed 15488K, reserved 1062912K
  class space    used 1842K, capacity 1906K, committed 1920K, reserved 1048576K
}
Event: 139,753 GC heap before
{Heap before GC invocations=3 (full 0):
 PSYoungGen      total 68608K, used 68587K [0x00000000d7400000, 0x00000000dbc00000, 0x0000000100000000)
  eden space 63488K, 100% used [0x00000000d7400000,0x00000000db200000,0x00000000db200000)
  from space 5120K, 99% used [0x00000000db700000,0x00000000dbbfae10,0x00000000dbc00000)
  to   space 5120K, 0% used [0x00000000db200000,0x00000000db200000,0x00000000db700000)
 ParOldGen       total 84992K, used 12860K [0x0000000085c00000, 0x000000008af00000, 0x00000000d7400000)
  object space 84992K, 15% used [0x0000000085c00000,0x000000008688f1f0,0x000000008af00000)
 Metaspace       used 15217K, capacity 15502K, committed 15872K, reserved 1062912K
  class space    used 1852K, capacity 1939K, committed 2048K, reserved 1048576K

