# JRE version: Java(TM) SE Runtime Environment (8.0_121-b13) (build 1.8.0_121-b13)
# Java VM: Java HotSpot(TM) 64-Bit Server VM (25.121-b13 mixed mode linux-amd64 compressed oops)
Heap:
 PSYoungGen      total 270848K, used 16203K [0x00000000d7400000, 0x00000000e8e00000, 0x0000000100000000)
  eden space 253440K, 0% used [0x00000000d7400000,0x00000000d7400000,0x00000000e6b80000)
  from space 17408K, 93% used [0x00000000e6b80000,0x00000000e7b52ca0,0x00000000e7c80000)
  to   space 16896K, 0% used [0x00000000e7c80000,0x00000000e7c80000,0x00000000e8d00000)
 ParOldGen       total 84992K, used 23579K [0x0000000085c00000, 0x000000008af00000, 0x00000000d7400000)
  object space 84992K, 27% used [0x0000000085c00000,0x0000000087306de0,0x000000008af00000)
 Metaspace       used 15574K, capacity 15834K, committed 16128K, reserved 1062912K
  class space    used 1874K, capacity 1941K, committed 2048K, reserved 1048576K
GC Heap History (10 events):
Event: 10,248 GC heap after
Heap after GC invocations=4 (full 0):
 PSYoungGen      total 68608K, used 5094K [0x00000000d7400000, 0x00000000dbc00000, 0x0000000100000000)
  eden space 63488K, 0% used [0x00000000d7400000,0x00000000d7400000,0x00000000db200000)
  from space 5120K, 99% used [0x00000000db700000,0x00000000dbbf9820,0x00000000dbc00000)
  to   space 5120K, 0% used [0x00000000db200000,0x00000000db200000,0x00000000db700000)
 ParOldGen       total 84992K, used 17164K [0x0000000085c00000, 0x000000008af00000, 0x00000000d7400000)
  object space 84992K, 20% used [0x0000000085c00000,0x0000000086cc3320,0x000000008af00000)
 Metaspace       used 15082K, capacity 15310K, committed 15488K, reserved 1062912K
  class space    used 1814K, capacity 1875K, committed 1920K, reserved 1048576K
}
Event: 11,429 GC heap before
{Heap before GC invocations=5 (full 0):
 PSYoungGen      total 68608K, used 68582K [0x00000000d7400000, 0x00000000dbc00000, 0x0000000100000000)
  eden space 63488K, 100% used [0x00000000d7400000,0x00000000db200000,0x00000000db200000)
  from space 5120K, 99% used [0x00000000db700000,0x00000000dbbf9820,0x00000000dbc00000)
  to   space 5120K, 0% used [0x00000000db200000,0x00000000db200000,0x00000000db700000)
 ParOldGen       total 84992K, used 17164K [0x0000000085c00000, 0x000000008af00000, 0x00000000d7400000)
  object space 84992K, 20% used [0x0000000085c00000,0x0000000086cc3320,0x000000008af00000)
 Metaspace       used 15100K, capacity 15310K, committed 15488K, reserved 1062912K
  class space    used 1814K, capacity 1875K, committed 1920K, reserved 1048576K
Event: 11,565 GC heap after
Heap after GC invocations=5 (full 0):
 PSYoungGen      total 68608K, used 3790K [0x00000000d7400000, 0x00000000e1400000, 0x0000000100000000)
  eden space 63488K, 0% used [0x00000000d7400000,0x00000000d7400000,0x00000000db200000)
  from space 5120K, 74% used [0x00000000db200000,0x00000000db5b3810,0x00000000db700000)
  to   space 18432K, 0% used [0x00000000e0200000,0x00000000e0200000,0x00000000e1400000)
 ParOldGen       total 84992K, used 17164K [0x0000000085c00000, 0x000000008af00000, 0x00000000d7400000)
  object space 84992K, 20% used [0x0000000085c00000,0x0000000086cc3320,0x000000008af00000)
 Metaspace       used 15100K, capacity 15310K, committed 15488K, reserved 1062912K
  class space    used 1814K, capacity 1875K, committed 1920K, reserved 1048576K
}
Event: 13,346 GC heap before
{Heap before GC invocations=6 (full 0):
 PSYoungGen      total 68608K, used 67278K [0x00000000d7400000, 0x00000000e1400000, 0x0000000100000000)
  eden space 63488K, 100% used [0x00000000d7400000,0x00000000db200000,0x00000000db200000)
  from space 5120K, 74% used [0x00000000db200000,0x00000000db5b3810,0x00000000db700000)
  to   space 18432K, 0% used [0x00000000e0200000,0x00000000e0200000,0x00000000e1400000)
 ParOldGen       total 84992K, used 17164K [0x0000000085c00000, 0x000000008af00000, 0x00000000d7400000)
  object space 84992K, 20% used [0x0000000085c00000,0x0000000086cc3320,0x000000008af00000)
 Metaspace       used 15100K, capacity 15310K, committed 15488K, reserved 1062912K
  class space    used 1814K, capacity 1875K, committed 1920K, reserved 1048576K
Event: 13,771 GC heap after
Heap after GC invocations=6 (full 0):
 PSYoungGen      total 143360K, used 5104K [0x00000000d7400000, 0x00000000e1200000, 0x0000000100000000)
  eden space 126976K, 0% used [0x00000000d7400000,0x00000000d7400000,0x00000000df000000)
  from space 16384K, 31% used [0x00000000e0200000,0x00000000e06fc120,0x00000000e1200000)
  to   space 17408K, 0% used [0x00000000df000000,0x00000000df000000,0x00000000e0100000)
 ParOldGen       total 84992K, used 17172K [0x0000000085c00000, 0x000000008af00000, 0x00000000d7400000)
  object space 84992K, 20% used [0x0000000085c00000,0x0000000086cc5320,0x000000008af00000)
 Metaspace       used 15100K, capacity 15310K, committed 15488K, reserved 1062912K
  class space    used 1814K, capacity 1875K, committed 1920K, reserved 1048576K
}
Event: 16,080 GC heap before
{Heap before GC invocations=7 (full 0):
 PSYoungGen      total 143360K, used 132080K [0x00000000d7400000, 0x00000000e1200000, 0x0000000100000000)
  eden space 126976K, 100% used [0x00000000d7400000,0x00000000df000000,0x00000000df000000)
  from space 16384K, 31% used [0x00000000e0200000,0x00000000e06fc120,0x00000000e1200000)
  to   space 17408K, 0% used [0x00000000df000000,0x00000000df000000,0x00000000e0100000)
 ParOldGen       total 84992K, used 17172K [0x0000000085c00000, 0x000000008af00000, 0x00000000d7400000)
  object space 84992K, 20% used [0x0000000085c00000,0x0000000086cc5320,0x000000008af00000)
 Metaspace       used 15435K, capacity 15694K, committed 16128K, reserved 1062912K
  class space    used 1870K, capacity 1939K, committed 2048K, reserved 1048576K
Event: 16,093 GC heap after
Heap after GC invocations=7 (full 0):
 PSYoungGen      total 144384K, used 2956K [0x00000000d7400000, 0x00000000e8d00000, 0x0000000100000000)
  eden space 126976K, 0% used [0x00000000d7400000,0x00000000d7400000,0x00000000df000000)
  from space 17408K, 16% used [0x00000000df000000,0x00000000df2e3100,0x00000000e0100000)
  to   space 16896K, 0% used [0x00000000e7c80000,0x00000000e7c80000,0x00000000e8d00000)
 ParOldGen       total 84992K, used 18118K [0x0000000085c00000, 0x000000008af00000, 0x00000000d7400000)
  object space 84992K, 21% used [0x0000000085c00000,0x0000000086db1aa0,0x000000008af00000)
 Metaspace       used 15435K, capacity 15694K, committed 16128K, reserved 1062912K
  class space    used 1870K, capacity 1939K, committed 2048K, reserved 1048576K
}
Event: 17,840 GC heap before
{Heap before GC invocations=8 (full 0):
 PSYoungGen      total 144384K, used 129932K [0x00000000d7400000, 0x00000000e8d00000, 0x0000000100000000)
  eden space 126976K, 100% used [0x00000000d7400000,0x00000000df000000,0x00000000df000000)
  from space 17408K, 16% used [0x00000000df000000,0x00000000df2e3100,0x00000000e0100000)
  to   space 16896K, 0% used [0x00000000e7c80000,0x00000000e7c80000,0x00000000e8d00000)
 ParOldGen       total 84992K, used 18118K [0x0000000085c00000, 0x000000008af00000, 0x00000000d7400000)
  object space 84992K, 21% used [0x0000000085c00000,0x0000000086db1aa0,0x000000008af00000)
 Metaspace       used 15437K, capacity 15694K, committed 16128K, reserved 1062912K
  class space    used 1871K, capacity 1939K, committed 2048K, reserved 1048576K
Event: 17,844 GC heap after
Heap after GC invocations=8 (full 0):
 PSYoungGen      total 270336K, used 128K [0x00000000d7400000, 0x00000000e8e00000, 0x0000000100000000)
  eden space 253440K, 0% used [0x00000000d7400000,0x00000000d7400000,0x00000000e6b80000)
  from space 16896K, 0% used [0x00000000e7c80000,0x00000000e7ca0000,0x00000000e8d00000)
  to   space 17408K, 0% used [0x00000000e6b80000,0x00000000e6b80000,0x00000000e7c80000)
 ParOldGen       total 84992K, used 20890K [0x0000000085c00000, 0x000000008af00000, 0x00000000d7400000)
  object space 84992K, 24% used [0x0000000085c00000,0x0000000087066bc0,0x000000008af00000)
 Metaspace       used 15437K, capacity 15694K, committed 16128K, reserved 1062912K
  class space    used 1871K, capacity 1939K, committed 2048K, reserved 1048576K
}
Event: 24,700 GC heap before
{Heap before GC invocations=9 (full 0):
 PSYoungGen      total 270336K, used 253568K [0x00000000d7400000, 0x00000000e8e00000, 0x0000000100000000)
  eden space 253440K, 100% used [0x00000000d7400000,0x00000000e6b80000,0x00000000e6b80000)
  from space 16896K, 0% used [0x00000000e7c80000,0x00000000e7ca0000,0x00000000e8d00000)
  to   space 17408K, 0% used [0x00000000e6b80000,0x00000000e6b80000,0x00000000e7c80000)
 ParOldGen       total 84992K, used 20890K [0x0000000085c00000, 0x000000008af00000, 0x00000000d7400000)
  object space 84992K, 24% used [0x0000000085c00000,0x0000000087066bc0,0x000000008af00000)
 Metaspace       used 15574K, capacity 15834K, committed 16128K, reserved 1062912K
  class space    used 1874K, capacity 1941K, committed 2048K, reserved 1048576K

